Anfrage: https://www.wienerlinien.at/ogd_realtime/monitor?stopId=147
Anfrage: https://www.wienerlinien.at/ogd_realtime/monitor?stopId=147
Anfrage: https://www.wienerlinien.at/ogd_realtime/monitor?stopId=400
Anfrage: https://www.wienerlinien.at/ogd_realtime/monitor?stopId=150
Anfrage: https://www.wienerlinien.at/ogd_realtime/monitor?stopId=157
Anfrage: https://www.wienerlinien.at/ogd_realtime/monitor?stopId=157
Anfrage: https://www.wienerlinien.at/ogd_realtime/monitor?stopId=157
Anfrage: https://www.wienerlinien.at/ogd_realtime/monitor?stopId=147
Anfrage: https://www.wienerlinien.at/ogd_realtime/monitor?stopId=147
Anfrage: https://www.wienerlinien.at/ogd_realtime/monitor?stopId=147
Anfrage: https://www.wienerlinien.at/ogd_realtime/monitor?stopId={147}
Anfrage: https://www.wienerlinien.at/ogd_realtime/monitor?stopId=147
Anfrage: https://www.wienerlinien.at/ogd_realtime/monitor?stopId=147
Anfrage: https://www.wienerlinien.at/ogd_realtime/monitor?stopId=550
Anfrage: https://www.wienerlinien.at/ogd_realtime/monitor?stopId=550
Anfrage: https://www.wienerlinien.at/ogd_realtime/monitor?stopId=147
Anfrage: https://www.wienerlinien.at/ogd_realtime/monitor?stopId=147
Anfrage: https://www.wienerlinien.at/ogd_realtime/monitor?stopId=500
Anfrage: https://www.wienerlinien.at/ogd_realtime/monitor?stopId=500
Anfrage: https://www.wienerlinien.at/ogd_realtime/monitor?stopId=500
Anfrage: https://www.wienerlinien.at/ogd_realtime/monitor?stopId=400
Anfrage: https://www.wienerlinien.at/ogd_realtime/monitor?stopId=500
Anfrage: https://www.wienerlinien.at/ogd_realtime/monitor?stopId=420
Anfrage: https://www.wienerlinien.at/ogd_realtime/monitor?stopId=500
Anfrage: https://www.wienerlinien.at/ogd_realtime/monitor?stopId=5560
Anfrage: https://www.wienerlinien.at/ogd_realtime/monitor?stopId=400
Anfrage: https://www.wienerlinien.at/ogd_realtime/monitor?stopId=400
Anfrage: https://www.wienerlinien.at/ogd_realtime/monitor?stopId=500
Anfrage: https://www.wienerlinien.at/ogd_realtime/monitor?stopId=400
Anfrage: https://www.wienerlinien.at/ogd_realtime/monitor?stopId=4613
Anfrage: https://www.wienerlinien.at/ogd_realtime/monitor?stopId=147
Anfrage: https://www.wienerlinien.at/ogd_realtime/monitor?stopId=550
Anfrage: https://www.wienerlinien.at/ogd_realtime/monitor?stopId=550
Anfrage: https://www.wienerlinien.at/ogd_realtime/monitor?stopId=147
Anfrage: https://www.wienerlinien.at/ogd_realtime/monitor?stopId=147
Anfrage: https://www.wienerlinien.at/ogd_realtime/monitor?stopId=147
Anfrage: https://www.wienerlinien.at/ogd_realtime/monitor?stopId=4613
Anfrage: https://www.wienerlinien.at/ogd_realtime/monitor?stopId=4613
Anfrage: https://www.wienerlinien.at/ogd_realtime/monitor?stopId=147
Anfrage: https://www.wienerlinien.at/ogd_realtime/monitor?stopId=147
Anfrage: https://www.wienerlinien.at/ogd_realtime/monitor?stopId=147
Anfrage: https://www.wienerlinien.at/ogd_realtime/monitor?stopId=147
Anfrage: https://www.wienerlinien.at/ogd_realtime/monitor?stopId=147
Anfrage: https://www.wienerlinien.at/ogd_realtime/monitor?stopId=147
Anfrage: https://www.wienerlinien.at/ogd_realtime/monitor?stopId=4613
Anfrage: https://www.wienerlinien.at/ogd_realtime/monitor?stopId=4613
Anfrage: https://www.wienerlinien.at/ogd_realtime/monitor?stopId=4613
Anfrage: https://www.wienerlinien.at/ogd_realtime/monitor?stopId=4613
Anfrage: https://www.wienerlinien.at/ogd_realtime/monitor?stopId=4613
Anfrage: https://www.wienerlinien.at/ogd_realtime/monitor?stopId=4613
Anfrage: https://www.wienerlinien.at/ogd_realtime/monitor?stopId=4613
Anfrage: https://www.wienerlinien.at/ogd_realtime/monitor?stopId=4613
Anfrage: https://www.wienerlinien.at/ogd_realtime/monitor?stopId=4613
Anfrage: https://www.wienerlinien.at/ogd_realtime/monitor?stopId=4613
Anfrage: https://www.wienerlinien.at/ogd_realtime/monitor?stopId=4560
Anfrage: https://www.wienerlinien.at/ogd_realtime/monitor?stopId=1010
Anfrage: https://www.wienerlinien.at/ogd_realtime/monitor?stopId=1008
Anfrage: https://www.wienerlinien.at/ogd_realtime/monitor?stopId=6030403
Anfrage: https://www.wienerlinien.at/ogd_realtime/monitor?stopId=6030442
Anfrage: https://www.wienerlinien.at/ogd_realtime/monitor?stopId=4613
Anfrage: https://www.wienerlinien.at/ogd_realtime/monitor?stopId=1010
Anfrage: https://www.wienerlinien.at/ogd_realtime/monitor?stopId=4560
Anfrage: https://www.wienerlinien.at/ogd_realtime/monitor?stopId=624
Anfrage: https://www.wienerlinien.at/ogd_realtime/monitor?stopId=2345
Anfrage: https://www.wienerlinien.at/ogd_realtime/monitor?stopId=2345
Anfrage: https://www.wienerlinien.at/ogd_realtime/monitor?stopId=624
Anfrage: https://www.wienerlinien.at/ogd_realtime/monitor?stopId=2345
Anfrage: https://www.wienerlinien.at/ogd_realtime/monitor?stopId=624
Anfrage: https://www.wienerlinien.at/ogd_realtime/monitor?stopId=2345
Anfrage: https://www.wienerlinien.at/ogd_realtime/monitor?stopId=2345
Anfrage: https://www.wienerlinien.at/ogd_realtime/monitor?stopId=624
Anfrage: https://www.wienerlinien.at/ogd_realtime/monitor?stopId=624
Anfrage: https://www.wienerlinien.at/ogd_realtime/monitor?stopId=2345
Anfrage: https://www.wienerlinien.at/ogd_realtime/monitor?stopId=4516
Anfrage: https://www.wienerlinien.at/ogd_realtime/monitor?stopId=4616
Anfrage: https://www.wienerlinien.at/ogd_realtime/monitor?stopId=4616
Anfrage: https://www.wienerlinien.at/ogd_realtime/monitor?stopId=2345
Anfrage: https://www.wienerlinien.at/ogd_realtime/monitor?stopId=2345
Anfrage: https://www.wienerlinien.at/ogd_realtime/monitor?stopId=4616
Anfrage: https://www.wienerlinien.at/ogd_realtime/monitor?stopId=2345
Anfrage: https://www.wienerlinien.at/ogd_realtime/monitor?stopId=4616
Anfrage: https://www.wienerlinien.at/ogd_realtime/monitor?stopId=2345
Anfrage: https://www.wienerlinien.at/ogd_realtime/monitor?stopId=4616
Anfrage: https://www.wienerlinien.at/ogd_realtime/monitor?stopId=2345
Anfrage: https://www.wienerlinien.at/ogd_realtime/monitor?stopId=4616
Anfrage: https://www.wienerlinien.at/ogd_realtime/monitor?stopId=4616
Anfrage: https://www.wienerlinien.at/ogd_realtime/monitor?stopId=4616
Anfrage: https://www.wienerlinien.at/ogd_realtime/monitor?stopId=2345
Anfrage: https://www.wienerlinien.at/ogd_realtime/monitor?stopId=624
Anfrage: https://www.wienerlinien.at/ogd_realtime/monitor?stopId=624
Anfrage: https://www.wienerlinien.at/ogd_realtime/monitor?stopId=624
Anfrage: https://www.wienerlinien.at/ogd_realtime/monitor?stopId=4606
Anfrage: https://www.wienerlinien.at/ogd_realtime/monitor?stopId=4606
Anfrage: https://www.wienerlinien.at/ogd_realtime/monitor?stopId=45060
Anfrage: https://www.wienerlinien.at/ogd_realtime/monitor?stopId=4560
Anfrage: https://www.wienerlinien.at/ogd_realtime/monitor?stopId=4560
Anfrage: https://www.wienerlinien.at/ogd_realtime/monitor?stopId=4560
Anfrage: https://www.wienerlinien.at/ogd_realtime/monitor?stopId=4560
Anfrage: https://www.wienerlinien.at/ogd_realtime/monitor?stopId=4560
Anfrage: https://www.wienerlinien.at/ogd_realtime/monitor?stopId=4560
Anfrage: https://www.wienerlinien.at/ogd_realtime/monitor?stopId=4606
Anfrage: https://www.wienerlinien.at/ogd_realtime/monitor?stopId=624
Anfrage: https://www.wienerlinien.at/ogd_realtime/monitor?stopId=4606
Anfrage: https://www.wienerlinien.at/ogd_realtime/monitor?stopId=4560
Anfrage: https://www.wienerlinien.at/ogd_realtime/monitor?stopId=4606
Anfrage: https://www.wienerlinien.at/ogd_realtime/monitor?stopId=4560
Anfrage: https://www.wienerlinien.at/ogd_realtime/monitor?stopId=147
Anfrage: https://www.wienerlinien.at/ogd_realtime/monitor?stopId=147
Anfrage: https://www.wienerlinien.at/ogd_realtime/monitor?stopId=723
Anfrage: https://www.wienerlinien.at/ogd_realtime/monitor?stopId=900
Anfrage: https://www.wienerlinien.at/ogd_realtime/monitor?stopId=723
Anfrage: https://www.wienerlinien.at/ogd_realtime/monitor?stopId=900
Anfrage: https://www.wienerlinien.at/ogd_realtime/monitor?stopId=1070
Anfrage: https://www.wienerlinien.at/ogd_realtime/monitor?stopId=1070
Anfrage: https://www.wienerlinien.at/ogd_realtime/monitor?stopId=1070
Anfrage: https://www.wienerlinien.at/ogd_realtime/monitor?stopId=1070
Anfrage: https://www.wienerlinien.at/ogd_realtime/monitor?stopId=147
Anfrage: https://www.wienerlinien.at/ogd_realtime/monitor?stopId=147
Anfrage: https://www.wienerlinien.at/ogd_realtime/monitor?stopId=500
Anfrage: https://www.wienerlinien.at/ogd_realtime/monitor?stopId=147
Anfrage: https://www.wienerlinien.at/ogd_realtime/monitor?stopId=147
Anfrage: https://www.wienerlinien.at/ogd_realtime/monitor?stopId=1450
Anfrage: https://www.wienerlinien.at/ogd_realtime/monitor?stopId=147
Anfrage: https://www.wienerlinien.at/ogd_realtime/monitor?stopId=147
Anfrage: https://www.wienerlinien.at/ogd_realtime/monitor?stopId=1450
Anfrage: https://www.wienerlinien.at/ogd_realtime/monitor?stopId=1450
Anfrage: https://www.wienerlinien.at/ogd_realtime/monitor?stopId=723
Anfrage: https://www.wienerlinien.at/ogd_realtime/monitor?stopId=723
Anfrage: https://www.wienerlinien.at/ogd_realtime/monitor?stopId=4613
Anfrage: https://www.wienerlinien.at/ogd_realtime/monitor?stopId=723
Anfrage: https://www.wienerlinien.at/ogd_realtime/monitor?stopId=147
Anfrage: https://www.wienerlinien.at/ogd_realtime/monitor?stopId=147
Anfrage: https://www.wienerlinien.at/ogd_realtime/monitor?stopId=147
Anfrage: https://www.wienerlinien.at/ogd_realtime/monitor?stopId=4350
Anfrage: https://www.wienerlinien.at/ogd_realtime/monitor?stopId=723
Anfrage: https://www.wienerlinien.at/ogd_realtime/monitor?stopId=900
Anfrage: https://www.wienerlinien.at/ogd_realtime/monitor?stopId=723
Anfrage: https://www.wienerlinien.at/ogd_realtime/monitor?stopId=147
Anfrage: https://www.wienerlinien.at/ogd_realtime/monitor?stopId=147
Anfrage: https://www.wienerlinien.at/ogd_realtime/monitor?stopId=147
Anfrage: https://www.wienerlinien.at/ogd_realtime/monitor?stopId=147
Anfrage: https://www.wienerlinien.at/ogd_realtime/monitor?stopId=147
Anfrage: https://www.wienerlinien.at/ogd_realtime/monitor?stopId=500
Anfrage: https://www.wienerlinien.at/ogd_realtime/monitor?stopId=147
Anfrage: https://www.wienerlinien.at/ogd_realtime/monitor?stopId=147
Anfrage: https://www.wienerlinien.at/ogd_realtime/monitor?stopId=147
Anfrage: https://www.wienerlinien.at/ogd_realtime/monitor?stopId=147
Anfrage: https://www.wienerlinien.at/ogd_realtime/monitor?stopId=500
Anfrage: https://www.wienerlinien.at/ogd_realtime/monitor?stopId=147
Anfrage: https://www.wienerlinien.at/ogd_realtime/monitor?stopId=723
Anfrage: https://www.wienerlinien.at/ogd_realtime/monitor?stopId=900
Anfrage: https://www.wienerlinien.at/ogd_realtime/monitor?stopId=723
Anfrage: https://www.wienerlinien.at/ogd_realtime/monitor?stopId=4613
Anfrage: https://www.wienerlinien.at/ogd_realtime/monitor?stopId=4613
Anfrage: https://www.wienerlinien.at/ogd_realtime/monitor?stopId=723
Anfrage: https://www.wienerlinien.at/ogd_realtime/monitor?stopId=900
Anfrage: https://www.wienerlinien.at/ogd_realtime/monitor?stopId=723
Anfrage: https://www.wienerlinien.at/ogd_realtime/monitor?stopId=723
Anfrage: https://www.wienerlinien.at/ogd_realtime/monitor?stopId=723
Anfrage: https://www.wienerlinien.at/ogd_realtime/monitor?stopId=900
Anfrage: https://www.wienerlinien.at/ogd_realtime/monitor?stopId=723
Anfrage: https://www.wienerlinien.at/ogd_realtime/monitor?stopId=900
Anfrage: https://www.wienerlinien.at/ogd_realtime/monitor?stopId=723
Anfrage: https://www.wienerlinien.at/ogd_realtime/monitor?stopId=900
Anfrage: https://www.wienerlinien.at/ogd_realtime/monitor?stopId=723
Anfrage: https://www.wienerlinien.at/ogd_realtime/monitor?stopId=147
Anfrage: https://www.wienerlinien.at/ogd_realtime/monitor?stopId=147
Anfrage: https://www.wienerlinien.at/ogd_realtime/monitor?stopId=147
Anfrage: https://www.wienerlinien.at/ogd_realtime/monitor?stopId=500
Anfrage: https://www.wienerlinien.at/ogd_realtime/monitor?stopId=147
Anfrage: https://www.wienerlinien.at/ogd_realtime/monitor?stopId=723
Anfrage: https://www.wienerlinien.at/ogd_realtime/monitor?stopId=500
Anfrage: https://www.wienerlinien.at/ogd_realtime/monitor?stopId=723
Anfrage: https://www.wienerlinien.at/ogd_realtime/monitor?stopId=723
Anfrage: https://www.wienerlinien.at/ogd_realtime/monitor?stopId=900
Anfrage: https://www.wienerlinien.at/ogd_realtime/monitor?stopId=723
Anfrage: https://www.wienerlinien.at/ogd_realtime/monitor?stopId=147
Anfrage: https://www.wienerlinien.at/ogd_realtime/monitor?stopId=147
Anfrage: https://www.wienerlinien.at/ogd_realtime/monitor?stopId=723
Anfrage: https://www.wienerlinien.at/ogd_realtime/monitor?stopId=900
Anfrage: https://www.wienerlinien.at/ogd_realtime/monitor?stopId=723
Anfrage: https://www.wienerlinien.at/ogd_realtime/monitor?stopId=723
Anfrage: https://www.wienerlinien.at/ogd_realtime/monitor?stopId=900
Anfrage: https://www.wienerlinien.at/ogd_realtime/monitor?stopId=723
Anfrage: https://www.wienerlinien.at/ogd_realtime/monitor?stopId=147
Anfrage: https://www.wienerlinien.at/ogd_realtime/monitor?stopId=147
Anfrage: https://www.wienerlinien.at/ogd_realtime/monitor?stopId=723
Anfrage: https://www.wienerlinien.at/ogd_realtime/monitor?stopId=900
Anfrage: https://www.wienerlinien.at/ogd_realtime/monitor?stopId=723
Anfrage: https://www.wienerlinien.at/ogd_realtime/monitor?stopId=900
Anfrage: https://www.wienerlinien.at/ogd_realtime/monitor?stopId=147
Anfrage: https://www.wienerlinien.at/ogd_realtime/monitor?stopId=147
Anfrage: https://www.wienerlinien.at/ogd_realtime/monitor?stopId=147
Anfrage: https://www.wienerlinien.at/ogd_realtime/monitor?stopId=723
Anfrage: https://www.wienerlinien.at/ogd_realtime/monitor?stopId=900
Anfrage: https://www.wienerlinien.at/ogd_realtime/monitor?stopId=723
Anfrage: https://www.wienerlinien.at/ogd_realtime/monitor?stopId=900
Anfrage: https://www.wienerlinien.at/ogd_realtime/monitor?stopId=723
Anfrage: https://www.wienerlinien.at/ogd_realtime/monitor?stopId=723
Anfrage: https://www.wienerlinien.at/ogd_realtime/monitor?stopId=723
Anfrage: https://www.wienerlinien.at/ogd_realtime/monitor?stopId=147
Anfrage: https://www.wienerlinien.at/ogd_realtime/monitor?stopId=147
Anfrage: https://www.wienerlinien.at/ogd_realtime/monitor?stopId=723
Anfrage: https://www.wienerlinien.at/ogd_realtime/monitor?stopId=900
Anfrage: https://www.wienerlinien.at/ogd_realtime/monitor?stopId=147
Anfrage: https://www.wienerlinien.at/ogd_realtime/monitor?stopId=147
Anfrage: https://www.wienerlinien.at/ogd_realtime/monitor?stopId=723
Anfrage: https://www.wienerlinien.at/ogd_realtime/monitor?stopId=900
Anfrage: https://www.wienerlinien.at/ogd_realtime/monitor?stopId=723
Anfrage: https://www.wienerlinien.at/ogd_realtime/monitor?stopId=900
Anfrage: https://www.wienerlinien.at/ogd_realtime/monitor?stopId=147
Anfrage: https://www.wienerlinien.at/ogd_realtime/monitor?stopId=147
Anfrage: https://www.wienerlinien.at/ogd_realtime/monitor?stopId=723
Anfrage: https://www.wienerlinien.at/ogd_realtime/monitor?stopId=900
Anfrage: https://www.wienerlinien.at/ogd_realtime/monitor?stopId=147
Anfrage: https://www.wienerlinien.at/ogd_realtime/monitor?stopId=900
Anfrage: https://www.wienerlinien.at/ogd_realtime/monitor?stopId=147
Anfrage: https://www.wienerlinien.at/ogd_realtime/monitor?stopId=147
Anfrage: https://www.wienerlinien.at/ogd_realtime/monitor?stopId=147
Anfrage: https://www.wienerlinien.at/ogd_realtime/monitor?stopId=900
Anfrage: https://www.wienerlinien.at/ogd_realtime/monitor?stopId=147
Anfrage: https://www.wienerlinien.at/ogd_realtime/monitor?stopId=147
Anfrage: https://www.wienerlinien.at/ogd_realtime/monitor?stopId=147
Anfrage: https://www.wienerlinien.at/ogd_realtime/monitor?stopId=147
Anfrage: https://www.wienerlinien.at/ogd_realtime/monitor?stopId=723
Anfrage: https://www.wienerlinien.at/ogd_realtime/monitor?stopId=900
Anfrage: https://www.wienerlinien.at/ogd_realtime/monitor?stopId=147
Anfrage: https://www.wienerlinien.at/ogd_realtime/monitor?stopId=147
Anfrage: https://www.wienerlinien.at/ogd_realtime/monitor?stopId=147
Anfrage: https://www.wienerlinien.at/ogd_realtime/monitor?stopId=500
Anfrage: https://www.wienerlinien.at/ogd_realtime/monitor?stopId=147
Anfrage: https://www.wienerlinien.at/ogd_realtime/monitor?stopId=450
Anfrage: https://www.wienerlinien.at/ogd_realtime/monitor?stopId=147
Anfrage: https://www.wienerlinien.at/ogd_realtime/monitor?stopId=4560
Anfrage: https://www.wienerlinien.at/ogd_realtime/monitor?stopId=147
Anfrage: https://www.wienerlinien.at/ogd_realtime/monitor?stopId=4550
Anfrage: https://www.wienerlinien.at/ogd_realtime/monitor?stopId=147
Anfrage: https://www.wienerlinien.at/ogd_realtime/monitor?stopId=50
Anfrage: https://www.wienerlinien.at/ogd_realtime/monitor?stopId=147
Anfrage: https://www.wienerlinien.at/ogd_realtime/monitor?stopId=60
Anfrage: https://www.wienerlinien.at/ogd_realtime/monitor?stopId=4618
Anfrage: https://www.wienerlinien.at/ogd_realtime/monitor?stopId=60
Anfrage: https://www.wienerlinien.at/ogd_realtime/monitor?stopId=60201184
Anfrage: https://www.wienerlinien.at/ogd_realtime/monitor?stopId=214460439
Anfrage: https://www.wienerlinien.at/ogd_realtime/monitor?stopId=1000
Anfrage: https://www.wienerlinien.at/ogd_realtime/monitor?stopId=1070
Anfrage: https://www.wienerlinien.at/ogd_realtime/monitor?stopId=4618
Anfrage: https://www.wienerlinien.at/ogd_realtime/monitor?stopId=1070
Anfrage: https://www.wienerlinien.at/ogd_realtime/monitor?stopId=4600
Anfrage: https://www.wienerlinien.at/ogd_realtime/monitor?stopId=4623
Anfrage: https://www.wienerlinien.at/ogd_realtime/monitor?stopId=4618
Anfrage: https://www.wienerlinien.at/ogd_realtime/monitor?stopId=4623
Anfrage: https://www.wienerlinien.at/ogd_realtime/monitor?stopId=4609
Anfrage: https://www.wienerlinien.at/ogd_realtime/monitor?stopId=4618
Anfrage: https://www.wienerlinien.at/ogd_realtime/monitor?stopId=4609
Anfrage: https://www.wienerlinien.at/ogd_realtime/monitor?stopId=4609
Anfrage: https://www.wienerlinien.at/ogd_realtime/monitor?stopId=1140
Anfrage: https://www.wienerlinien.at/ogd_realtime/monitor?stopId=1141
Anfrage: https://www.wienerlinien.at/ogd_realtime/monitor?stopId=4613
Anfrage: https://www.wienerlinien.at/ogd_realtime/monitor?stopId=147
Anfrage: https://www.wienerlinien.at/ogd_realtime/monitor?stopId=147
Anfrage: https://www.wienerlinien.at/ogd_realtime/monitor?stopId=147
Anfrage: https://www.wienerlinien.at/ogd_realtime/monitor?stopId=147
Anfrage: https://www.wienerlinien.at/ogd_realtime/monitor?stopId=147
Anfrage: https://www.wienerlinien.at/ogd_realtime/monitor?stopId=3000
Anfrage: https://www.wienerlinien.at/ogd_realtime/monitor?stopId=300
Anfrage: https://www.wienerlinien.at/ogd_realtime/monitor?stopId=300
Anfrage: https://www.wienerlinien.at/ogd_realtime/monitor?stopId=4609
Anfrage: https://www.wienerlinien.at/ogd_realtime/monitor?stopId=4609
Anfrage: https://www.wienerlinien.at/ogd_realtime/monitor?stopId=147
Anfrage: https://www.wienerlinien.at/ogd_realtime/monitor?stopId=147
Anfrage: https://www.wienerlinien.at/ogd_realtime/monitor?stopId=147
Anfrage: https://www.wienerlinien.at/ogd_realtime/monitor?stopId=147
Anfrage: https://www.wienerlinien.at/ogd_realtime/monitor?stopId=4600
Anfrage: https://www.wienerlinien.at/ogd_realtime/monitor?stopId=147
Anfrage: https://www.wienerlinien.at/ogd_realtime/monitor?stopId=4600
Anfrage: https://www.wienerlinien.at/ogd_realtime/monitor?stopId=4618
Anfrage: https://www.wienerlinien.at/ogd_realtime/monitor?stopId=4600
Anfrage: https://www.wienerlinien.at/ogd_realtime/monitor?stopId=4618
Anfrage: https://www.wienerlinien.at/ogd_realtime/monitor?stopId=4618
Anfrage: https://www.wienerlinien.at/ogd_realtime/monitor?stopId=4618
Anfrage: https://www.wienerlinien.at/ogd_realtime/monitor?stopId=4600
Anfrage: https://www.wienerlinien.at/ogd_realtime/monitor?stopId=4618
Anfrage: https://www.wienerlinien.at/ogd_realtime/monitor?stopId=4618
Anfrage: https://www.wienerlinien.at/ogd_realtime/monitor?stopId=4600
Anfrage: https://www.wienerlinien.at/ogd_realtime/monitor?stopId=4600
Anfrage: https://www.wienerlinien.at/ogd_realtime/monitor?stopId=4623
Anfrage: https://www.wienerlinien.at/ogd_realtime/monitor?stopId=4609
Anfrage: https://www.wienerlinien.at/ogd_realtime/monitor?stopId=4623
Anfrage: https://www.wienerlinien.at/ogd_realtime/monitor?stopId=4613
Anfrage: https://www.wienerlinien.at/ogd_realtime/monitor?stopId=4623
Anfrage: https://www.wienerlinien.at/ogd_realtime/monitor?stopId=4613
Anfrage: https://www.wienerlinien.at/ogd_realtime/monitor?stopId=4623
Anfrage: https://www.wienerlinien.at/ogd_realtime/monitor?stopId=147
Anfrage: https://www.wienerlinien.at/ogd_realtime/monitor?stopId=147
Anfrage: https://www.wienerlinien.at/ogd_realtime/monitor?stopId=147
Anfrage: https://www.wienerlinien.at/ogd_realtime/monitor?stopId=147
Anfrage: https://www.wienerlinien.at/ogd_realtime/monitor?stopId=4600
Anfrage: https://www.wienerlinien.at/ogd_realtime/monitor?stopId=4623
Anfrage: https://www.wienerlinien.at/ogd_realtime/monitor?stopId=4600
Anfrage: https://www.wienerlinien.at/ogd_realtime/monitor?stopId=1140
Anfrage: https://www.wienerlinien.at/ogd_realtime/monitor?stopId=4600
Anfrage: https://www.wienerlinien.at/ogd_realtime/monitor?stopId=4613
Anfrage: https://www.wienerlinien.at/ogd_realtime/monitor?stopId=4600
Anfrage: https://www.wienerlinien.at/ogd_realtime/monitor?stopId=4613
Anfrage: https://www.wienerlinien.at/ogd_realtime/monitor?stopId=4600
Anfrage: https://www.wienerlinien.at/ogd_realtime/monitor?stopId=4618
Anfrage: https://www.wienerlinien.at/ogd_realtime/monitor?stopId=4600
Anfrage: https://www.wienerlinien.at/ogd_realtime/monitor?stopId=4609
Anfrage: https://www.wienerlinien.at/ogd_realtime/monitor?stopId=4623
Anfrage: https://www.wienerlinien.at/ogd_realtime/monitor?stopId=4609
Anfrage: https://www.wienerlinien.at/ogd_realtime/monitor?stopId=147
Anfrage: https://www.wienerlinien.at/ogd_realtime/monitor?stopId=4609
Anfrage: https://www.wienerlinien.at/ogd_realtime/monitor?stopId=1140
Anfrage: https://www.wienerlinien.at/ogd_realtime/monitor?stopId=4600
Anfrage: https://www.wienerlinien.at/ogd_realtime/monitor?stopId=4609
Anfrage: https://www.wienerlinien.at/ogd_realtime/monitor?stopId=4618
Anfrage: https://www.wienerlinien.at/ogd_realtime/monitor?stopId=4623
Anfrage: https://www.wienerlinien.at/ogd_realtime/monitor?stopId=4625
Anfrage: https://www.wienerlinien.at/ogd_realtime/monitor?stopId=4610
Anfrage: https://www.wienerlinien.at/ogd_realtime/monitor?stopId=4627
Anfrage: https://www.wienerlinien.at/ogd_realtime/monitor?stopId=4609
Anfrage: https://www.wienerlinien.at/ogd_realtime/monitor?stopId=4603
Anfrage: https://www.wienerlinien.at/ogd_realtime/monitor?stopId=4603
Anfrage: https://www.wienerlinien.at/ogd_realtime/monitor?stopId=4603
Anfrage: https://www.wienerlinien.at/ogd_realtime/monitor?stopId=4623
Anfrage: https://www.wienerlinien.at/ogd_realtime/monitor?stopId=4625
Anfrage: https://www.wienerlinien.at/ogd_realtime/monitor?stopId=4627
Anfrage: https://www.wienerlinien.at/ogd_realtime/monitor?stopId=4627
Anfrage: https://www.wienerlinien.at/ogd_realtime/monitor?stopId=4627
Anfrage: https://www.wienerlinien.at/ogd_realtime/monitor?stopId=4627
Anfrage: https://www.wienerlinien.at/ogd_realtime/monitor?stopId=4623
Anfrage: https://www.wienerlinien.at/ogd_realtime/monitor?stopId=4625
Anfrage: https://www.wienerlinien.at/ogd_realtime/monitor?stopId=4603
Anfrage: https://www.wienerlinien.at/ogd_realtime/monitor?stopId=147
Anfrage: https://www.wienerlinien.at/ogd_realtime/monitor?stopId=147
Anfrage: https://www.wienerlinien.at/ogd_realtime/monitor?stopId=147
Anfrage: https://www.wienerlinien.at/ogd_realtime/monitor?stopId=147
Anfrage: https://www.wienerlinien.at/ogd_realtime/monitor?stopId=147
Anfrage: https://www.wienerlinien.at/ogd_realtime/monitor?stopId=4625
Anfrage: https://www.wienerlinien.at/ogd_realtime/monitor?stopId=4625
Anfrage: https://www.wienerlinien.at/ogd_realtime/monitor?stopId=4610
Anfrage: https://www.wienerlinien.at/ogd_realtime/monitor?stopId=4625
Anfrage: https://www.wienerlinien.at/ogd_realtime/monitor?stopId=147
Anfrage: https://www.wienerlinien.at/ogd_realtime/monitor?stopId=4618
Anfrage: https://www.wienerlinien.at/ogd_realtime/monitor?stopId=4623
Anfrage: https://www.wienerlinien.at/ogd_realtime/monitor?stopId=4625
Anfrage: https://www.wienerlinien.at/ogd_realtime/monitor?stopId=4627
Anfrage: https://www.wienerlinien.at/ogd_realtime/monitor?stopId=4609
Anfrage: https://www.wienerlinien.at/ogd_realtime/monitor?stopId=4618
Anfrage: https://www.wienerlinien.at/ogd_realtime/monitor?stopId=4618
Anfrage: https://www.wienerlinien.at/ogd_realtime/monitor?stopId=4627
Anfrage: https://www.wienerlinien.at/ogd_realtime/monitor?stopId=4609
Anfrage: https://www.wienerlinien.at/ogd_realtime/monitor?stopId=147
Anfrage: https://www.wienerlinien.at/ogd_realtime/monitor?stopId=4609
Anfrage: https://www.wienerlinien.at/ogd_realtime/monitor?stopId=147
Anfrage: https://www.wienerlinien.at/ogd_realtime/monitor?stopId=4609
Anfrage: https://www.wienerlinien.at/ogd_realtime/monitor?stopId=147
Anfrage: https://www.wienerlinien.at/ogd_realtime/monitor?stopId=4618
Anfrage: https://www.wienerlinien.at/ogd_realtime/monitor?stopId=147
Anfrage: https://www.wienerlinien.at/ogd_realtime/monitor?stopId=147
Anfrage: https://www.wienerlinien.at/ogd_realtime/monitor?stopId=4627
Anfrage: https://www.wienerlinien.at/ogd_realtime/monitor?stopId=147
Anfrage: https://www.wienerlinien.at/ogd_realtime/monitor?stopId=1140
Anfrage: https://www.wienerlinien.at/ogd_realtime/monitor?stopId=1140
Anfrage: https://www.wienerlinien.at/ogd_realtime/monitor?stopId=1145
Anfrage: https://www.wienerlinien.at/ogd_realtime/monitor?stopId=1145
Anfrage: https://www.wienerlinien.at/ogd_realtime/monitor?stopId=1141
Anfrage: https://www.wienerlinien.at/ogd_realtime/monitor?stopId=4613
Anfrage: https://www.wienerlinien.at/ogd_realtime/monitor?stopId=4613
Anfrage: https://www.wienerlinien.at/ogd_realtime/monitor?stopId=400
Anfrage: https://www.wienerlinien.at/ogd_realtime/monitor?stopId=31
Anfrage: https://www.wienerlinien.at/ogd_realtime/monitor?stopId=147
Anfrage: https://www.wienerlinien.at/ogd_realtime/monitor?stopId=752
Anfrage: https://www.wienerlinien.at/ogd_realtime/monitor?stopId=752
Anfrage: https://www.wienerlinien.at/ogd_realtime/monitor?stopId=1520
Anfrage: https://www.wienerlinien.at/ogd_realtime/monitor?stopId=1520
Anfrage: https://www.wienerlinien.at/ogd_realtime/monitor?stopId=147
Anfrage: https://www.wienerlinien.at/ogd_realtime/monitor?stopId=4613
Anfrage: https://www.wienerlinien.at/ogd_realtime/monitor?stopId=4613
Anfrage: https://www.wienerlinien.at/ogd_realtime/monitor?stopId=400
Anfrage: https://www.wienerlinien.at/ogd_realtime/monitor?stopId=Stadtgrenze
Anfrage: https://www.wienerlinien.at/ogd_realtime/monitor?stopId=Stadtgrenze
Anfrage: https://www.wienerlinien.at/ogd_realtime/monitor?stopId=Stadtmauer
Anfrage: https://www.wienerlinien.at/ogd_realtime/monitor?stopId=Stadtmauer
Anfrage: https://www.wienerlinien.at/ogd_realtime/monitor?stopId=Stadtmauer
Anfrage: https://www.wienerlinien.at/ogd_realtime/monitor?stopId=Stadtmauer
Anfrage: https://www.wienerlinien.at/ogd_realtime/monitor?stopId=Stadtgrenze
Anfrage: https://www.wienerlinien.at/ogd_realtime/monitor?stopId=Englisch-Feld-Gasse
Anfrage: https://www.wienerlinien.at/ogd_realtime/monitor?stopId=Seefeldergasse
Anfrage: https://www.wienerlinien.at/ogd_realtime/monitor?stopId=Schule
Anfrage: https://www.wienerlinien.at/ogd_realtime/monitor?stopId=4613
Anfrage: https://www.wienerlinien.at/ogd_realtime/monitor?stopId=4623
Anfrage: https://www.wienerlinien.at/ogd_realtime/monitor?stopId=4623
Anfrage: https://www.wienerlinien.at/ogd_realtime/monitor?stopId=147
Anfrage: https://www.wienerlinien.at/ogd_realtime/monitor?stopId=147
Anfrage: https://www.wienerlinien.at/ogd_realtime/monitor?stopId=4625
Anfrage: https://www.wienerlinien.at/ogd_realtime/monitor?stopId=4609
Anfrage: https://www.wienerlinien.at/ogd_realtime/monitor?stopId=147
Anfrage: https://www.wienerlinien.at/ogd_realtime/monitor?stopId=147
Anfrage: https://www.wienerlinien.at/ogd_realtime/monitor?stopId=11
Anfrage: https://www.wienerlinien.at/ogd_realtime/monitor?stopId=12
Anfrage: https://www.wienerlinien.at/ogd_realtime/monitor?stopId=12
Anfrage: https://www.wienerlinien.at/ogd_realtime/monitor?stopId=28
Anfrage: https://www.wienerlinien.at/ogd_realtime/monitor?stopId=28
Anfrage: https://www.wienerlinien.at/ogd_realtime/monitor?stopId=54
Anfrage: https://www.wienerlinien.at/ogd_realtime/monitor?stopId=4648
Anfrage: https://www.wienerlinien.at/ogd_realtime/monitor?stopId=1120
Anfrage: https://www.wienerlinien.at/ogd_realtime/monitor?stopId=9573
Anfrage: https://www.wienerlinien.at/ogd_realtime/monitor?stopId=1120
Anfrage: https://www.wienerlinien.at/ogd_realtime/monitor?stopId=1120
Anfrage: https://www.wienerlinien.at/ogd_realtime/monitor?stopId=1120
Anfrage: https://www.wienerlinien.at/ogd_realtime/monitor?stopId=1431
Anfrage: https://www.wienerlinien.at/ogd_realtime/monitor?stopId=1120
Anfrage: https://www.wienerlinien.at/ogd_realtime/monitor?stopId=1120
Anfrage: https://www.wienerlinien.at/ogd_realtime/monitor?stopId=1431
Anfrage: https://www.wienerlinien.at/ogd_realtime/monitor?stopId=460
Anfrage: https://www.wienerlinien.at/ogd_realtime/monitor?stopId=1431
Anfrage: https://www.wienerlinien.at/ogd_realtime/monitor?stopId=1431
Anfrage: https://www.wienerlinien.at/ogd_realtime/monitor?stopId=1120
Anfrage: https://www.wienerlinien.at/ogd_realtime/monitor?stopId=628
Anfrage: https://www.wienerlinien.at/ogd_realtime/monitor?stopId=508
Anfrage: https://www.wienerlinien.at/ogd_realtime/monitor?stopId=4609
Anfrage: https://www.wienerlinien.at/ogd_realtime/monitor?stopId=4609
Anfrage: https://www.wienerlinien.at/ogd_realtime/monitor?stopId=1120
Anfrage: https://www.wienerlinien.at/ogd_realtime/monitor?stopId=1120
Anfrage: https://www.wienerlinien.at/ogd_realtime/monitor?stopId=4645
Anfrage: https://www.wienerlinien.at/ogd_realtime/monitor?stopId=4646
Anfrage: https://www.wienerlinien.at/ogd_realtime/monitor?stopId=4609
Anfrage: https://www.wienerlinien.at/ogd_realtime/monitor?stopId=4646
Anfrage: https://www.wienerlinien.at/ogd_realtime/monitor?stopId=439
Anfrage: https://www.wienerlinien.at/ogd_realtime/monitor?stopId=6103
Anfrage: https://www.wienerlinien.at/ogd_realtime/monitor?stopId=6103
Anfrage: https://www.wienerlinien.at/ogd_realtime/monitor?stopId=6103
Anfrage: https://www.wienerlinien.at/ogd_realtime/monitor?stopId=147
Anfrage: https://www.wienerlinien.at/ogd_realtime/monitor?stopId=147
Anfrage: https://www.wienerlinien.at/ogd_realtime/monitor?stopId=147
Anfrage: https://www.wienerlinien.at/ogd_realtime/monitor?stopId=U1
Anfrage: https://www.wienerlinien.at/ogd_realtime/monitor?stopId=U1
Anfrage: https://www.wienerlinien.at/ogd_realtime/monitor?stopId=U1
Anfrage: https://www.wienerlinien.at/ogd_realtime/monitor?stopId=3852
Anfrage: https://www.wienerlinien.at/ogd_realtime/monitor?stopId=2345
Anfrage: https://www.wienerlinien.at/ogd_realtime/monitor?stopId=1863
Anfrage: https://www.wienerlinien.at/ogd_realtime/monitor?stopId=6502
Anfrage: https://www.wienerlinien.at/ogd_realtime/monitor?stopId=3852
Anfrage: https://www.wienerlinien.at/ogd_realtime/monitor?stopId=6002
Anfrage: https://www.wienerlinien.at/ogd_realtime/monitor?stopId=378
Anfrage: https://www.wienerlinien.at/ogd_realtime/monitor?stopId=4613
Anfrage: https://www.wienerlinien.at/ogd_realtime/monitor?stopId=4613
Anfrage: https://www.wienerlinien.at/ogd_realtime/monitor?stopId=400
Anfrage: https://www.wienerlinien.at/ogd_realtime/monitor?stopId=6002
Anfrage: https://www.wienerlinien.at/ogd_realtime/monitor?stopId=378
Anfrage: https://www.wienerlinien.at/ogd_realtime/monitor?stopId=378
Anfrage: https://www.wienerlinien.at/ogd_realtime/monitor?stopId=6002
Anfrage: https://www.wienerlinien.at/ogd_realtime/monitor?stopId=4613
Anfrage: https://www.wienerlinien.at/ogd_realtime/monitor?stopId=4613
Anfrage: https://www.wienerlinien.at/ogd_realtime/monitor?stopId=4613
Anfrage: https://www.wienerlinien.at/ogd_realtime/monitor?stopId=400
Anfrage: https://www.wienerlinien.at/ogd_realtime/monitor?stopId=378
Anfrage: https://www.wienerlinien.at/ogd_realtime/monitor?stopId=6002
Anfrage: https://www.wienerlinien.at/ogd_realtime/monitor?stopId=378
Anfrage: https://www.wienerlinien.at/ogd_realtime/monitor?stopId=6002
Anfrage: https://www.wienerlinien.at/ogd_realtime/monitor?stopId=6002
Anfrage: https://www.wienerlinien.at/ogd_realtime/monitor?stopId=378
Anfrage: https://www.wienerlinien.at/ogd_realtime/monitor?stopId=378
Anfrage: https://www.wienerlinien.at/ogd_realtime/monitor?stopId=378
Anfrage: https://www.wienerlinien.at/ogd_realtime/monitor?stopId=378
Anfrage: https://www.wienerlinien.at/ogd_realtime/monitor?stopId=378
Anfrage: https://www.wienerlinien.at/ogd_realtime/monitor?stopId=378
Anfrage: https://www.wienerlinien.at/ogd_realtime/monitor?stopId=378
Anfrage: https://www.wienerlinien.at/ogd_realtime/monitor?stopId=6002
Anfrage: https://www.wienerlinien.at/ogd_realtime/monitor?stopId=378
Anfrage: https://www.wienerlinien.at/ogd_realtime/monitor?stopId=6002
Anfrage: https://www.wienerlinien.at/ogd_realtime/monitor?stopId=6002
Anfrage: https://www.wienerlinien.at/ogd_realtime/monitor?stopId=378
Anfrage: https://www.wienerlinien.at/ogd_realtime/monitor?stopId=378
Anfrage: https://www.wienerlinien.at/ogd_realtime/monitor?stopId=reumannplatz
Anfrage: https://www.wienerlinien.at/ogd_realtime/monitor?stopId=keplerplatz
Anfrage: https://www.wienerlinien.at/ogd_realtime/monitor?stopId=reumannplatz
Anfrage: https://www.wienerlinien.at/ogd_realtime/monitor?stopId=4803
Anfrage: https://www.wienerlinien.at/ogd_realtime/monitor?stopId=4803
Anfrage: https://www.wienerlinien.at/ogd_realtime/monitor?stopId=378
Anfrage: https://www.wienerlinien.at/ogd_realtime/monitor?stopId=4803
Anfrage: https://www.wienerlinien.at/ogd_realtime/monitor?stopId=378
Anfrage: https://www.wienerlinien.at/ogd_realtime/monitor?stopId=4803
Anfrage: https://www.wienerlinien.at/ogd_realtime/monitor?stopId=4803
Anfrage: https://www.wienerlinien.at/ogd_realtime/monitor?stopId=378
Anfrage: https://www.wienerlinien.at/ogd_realtime/monitor?stopId=4803
Anfrage: https://www.wienerlinien.at/ogd_realtime/monitor?stopId=1914
Anfrage: https://www.wienerlinien.at/ogd_realtime/monitor?stopId=4803
Anfrage: https://www.wienerlinien.at/ogd_realtime/monitor?stopId=378
Anfrage: https://www.wienerlinien.at/ogd_realtime/monitor?stopId=378
Anfrage: https://www.wienerlinien.at/ogd_realtime/monitor?stopId=378
Anfrage: https://www.wienerlinien.at/ogd_realtime/monitor?stopId=378
Anfrage: https://www.wienerlinien.at/ogd_realtime/monitor?stopId=4803
Anfrage: https://www.wienerlinien.at/ogd_realtime/monitor?stopId=1876
Anfrage: https://www.wienerlinien.at/ogd_realtime/monitor?stopId=4803
Anfrage: https://www.wienerlinien.at/ogd_realtime/monitor?stopId=4613
Anfrage: https://www.wienerlinien.at/ogd_realtime/monitor?stopId=4613
Anfrage: https://www.wienerlinien.at/ogd_realtime/monitor?stopId=400
Anfrage: https://www.wienerlinien.at/ogd_realtime/monitor?stopId=4613
Anfrage: https://www.wienerlinien.at/ogd_realtime/monitor?stopId=4613
Anfrage: https://www.wienerlinien.at/ogd_realtime/monitor?stopId=400
Anfrage: https://www.wienerlinien.at/ogd_realtime/monitor?stopId=4613
Anfrage: https://www.wienerlinien.at/ogd_realtime/monitor?stopId=4613
Anfrage: https://www.wienerlinien.at/ogd_realtime/monitor?stopId=400
Anfrage: https://www.wienerlinien.at/ogd_realtime/monitor?stopId=4613
Anfrage: https://www.wienerlinien.at/ogd_realtime/monitor?stopId=4613
Anfrage: https://www.wienerlinien.at/ogd_realtime/monitor?stopId=400
Anfrage: https://www.wienerlinien.at/ogd_realtime/monitor?stopId=4613
Anfrage: https://www.wienerlinien.at/ogd_realtime/monitor?stopId=4613
Anfrage: https://www.wienerlinien.at/ogd_realtime/monitor?stopId=400
Anfrage: https://www.wienerlinien.at/ogd_realtime/monitor?stopId=4613
Anfrage: https://www.wienerlinien.at/ogd_realtime/monitor?stopId=4613
Anfrage: https://www.wienerlinien.at/ogd_realtime/monitor?stopId=400
Anfrage: https://www.wienerlinien.at/ogd_realtime/monitor?stopId=4803
Anfrage: https://www.wienerlinien.at/ogd_realtime/monitor?stopId=1876
Anfrage: https://www.wienerlinien.at/ogd_realtime/monitor?stopId=4803
Anfrage: https://www.wienerlinien.at/ogd_realtime/monitor?stopId=4803
Anfrage: https://www.wienerlinien.at/ogd_realtime/monitor?stopId=1876
Anfrage: https://www.wienerlinien.at/ogd_realtime/monitor?stopId=1876
Anfrage: https://www.wienerlinien.at/ogd_realtime/monitor?stopId=1876
Anfrage: https://www.wienerlinien.at/ogd_realtime/monitor?stopId=378
Anfrage: https://www.wienerlinien.at/ogd_realtime/monitor?stopId=1876
Anfrage: https://www.wienerlinien.at/ogd_realtime/monitor?stopId=1876
Anfrage: https://www.wienerlinien.at/ogd_realtime/monitor?stopId=4101
Anfrage: https://www.wienerlinien.at/ogd_realtime/monitor?stopId=4101
Anfrage: https://www.wienerlinien.at/ogd_realtime/monitor?stopId=4101
Anfrage: https://www.wienerlinien.at/ogd_realtime/monitor?stopId=4803
Anfrage: https://www.wienerlinien.at/ogd_realtime/monitor?stopId=4101
Anfrage: https://www.wienerlinien.at/ogd_realtime/monitor?stopId=1876
Anfrage: https://www.wienerlinien.at/ogd_realtime/monitor?stopId=1941
Anfrage: https://www.wienerlinien.at/ogd_realtime/monitor?stopId=1941
Anfrage: https://www.wienerlinien.at/ogd_realtime/monitor?stopId=1876
Anfrage: https://www.wienerlinien.at/ogd_realtime/monitor?stopId=1876
Anfrage: https://www.wienerlinien.at/ogd_realtime/monitor?stopId=1876
